2019-01-04 16:07:12.410  INFO 3721 --- [main] com.zifeiyu.common.CommonApplication     : Starting CommonApplication on macOS1014deMacBook-Pro.local with PID 3721 (/Users/macos1014/IdeaProjects/zifeiyu-common/target/classes started by macos1014 in /Users/macos1014/IdeaProjects/zifeiyu-common)
2019-01-04 16:07:12.414  INFO 3721 --- [main] com.zifeiyu.common.CommonApplication     : No active profile set, falling back to default profiles: default
2019-01-04 16:07:13.355  INFO 3721 --- [main] trationDelegate$BeanPostProcessorChecker : Bean 'org.springframework.transaction.annotation.ProxyTransactionManagementConfiguration' of type [org.springframework.transaction.annotation.ProxyTransactionManagementConfiguration$$EnhancerBySpringCGLIB$$a6313158] is not eligible for getting processed by all BeanPostProcessors (for example: not eligible for auto-proxying)
2019-01-04 16:07:13.626  INFO 3721 --- [main] o.s.b.w.embedded.tomcat.TomcatWebServer  : Tomcat initialized with port(s): 8001 (http)
2019-01-04 16:07:13.646  INFO 3721 --- [main] o.apache.catalina.core.StandardService   : Starting service [Tomcat]
2019-01-04 16:07:13.647  INFO 3721 --- [main] org.apache.catalina.core.StandardEngine  : Starting Servlet Engine: Apache Tomcat/9.0.13
2019-01-04 16:07:13.652  INFO 3721 --- [main] o.a.catalina.core.AprLifecycleListener   : The APR based Apache Tomcat Native library which allows optimal performance in production environments was not found on the java.library.path: [/Users/macos1014/Library/Java/Extensions:/Library/Java/Extensions:/Network/Library/Java/Extensions:/System/Library/Java/Extensions:/usr/lib/java:.]
2019-01-04 16:07:13.748  INFO 3721 --- [main] o.a.c.c.C.[Tomcat].[localhost].[/]       : Initializing Spring embedded WebApplicationContext
2019-01-04 16:07:13.749  INFO 3721 --- [main] o.s.web.context.ContextLoader            : Root WebApplicationContext: initialization completed in 1268 ms
2019-01-04 16:07:14.572  INFO 3721 --- [main] pertySourcedRequestMappingHandlerMapping : Mapped URL path [/v2/api-docs] onto method [public org.springframework.http.ResponseEntity<springfox.documentation.spring.web.json.Json> springfox.documentation.swagger2.web.Swagger2Controller.getDocumentation(java.lang.String,javax.servlet.http.HttpServletRequest)]
2019-01-04 16:07:14.743  INFO 3721 --- [main] d.s.w.p.DocumentationPluginsBootstrapper : Context refreshed
2019-01-04 16:07:14.756  INFO 3721 --- [main] d.s.w.p.DocumentationPluginsBootstrapper : Found 1 custom documentation plugin(s)
2019-01-04 16:07:14.783  INFO 3721 --- [main] s.d.s.w.s.ApiListingReferenceScanner     : Scanning for api listing references
2019-01-04 16:07:14.901  INFO 3721 --- [main] o.s.b.w.embedded.tomcat.TomcatWebServer  : Tomcat started on port(s): 8001 (http) with context path ''
2019-01-04 16:07:14.906  INFO 3721 --- [main] com.zifeiyu.common.CommonApplication     : Started CommonApplication in 17.948 seconds (JVM running for 23.66)
2019-01-04 16:08:47.520  INFO 3733 --- [main] com.zifeiyu.common.CommonApplication     : Starting CommonApplication on macOS1014deMacBook-Pro.local with PID 3733 (/Users/macos1014/IdeaProjects/zifeiyu-common/target/classes started by macos1014 in /Users/macos1014/IdeaProjects/zifeiyu-common)
2019-01-04 16:08:47.525  INFO 3733 --- [main] com.zifeiyu.common.CommonApplication     : No active profile set, falling back to default profiles: default
2019-01-04 16:08:48.497  INFO 3733 --- [main] trationDelegate$BeanPostProcessorChecker : Bean 'org.springframework.transaction.annotation.ProxyTransactionManagementConfiguration' of type [org.springframework.transaction.annotation.ProxyTransactionManagementConfiguration$$EnhancerBySpringCGLIB$$25db2ad6] is not eligible for getting processed by all BeanPostProcessors (for example: not eligible for auto-proxying)
2019-01-04 16:08:48.872  INFO 3733 --- [main] o.s.b.w.embedded.tomcat.TomcatWebServer  : Tomcat initialized with port(s): 8001 (http)
2019-01-04 16:08:48.892  INFO 3733 --- [main] o.apache.catalina.core.StandardService   : Starting service [Tomcat]
2019-01-04 16:08:48.893  INFO 3733 --- [main] org.apache.catalina.core.StandardEngine  : Starting Servlet Engine: Apache Tomcat/9.0.13
2019-01-04 16:08:48.899  INFO 3733 --- [main] o.a.catalina.core.AprLifecycleListener   : The APR based Apache Tomcat Native library which allows optimal performance in production environments was not found on the java.library.path: [/Users/macos1014/Library/Java/Extensions:/Library/Java/Extensions:/Network/Library/Java/Extensions:/System/Library/Java/Extensions:/usr/lib/java:.]
2019-01-04 16:08:48.994  INFO 3733 --- [main] o.a.c.c.C.[Tomcat].[localhost].[/]       : Initializing Spring embedded WebApplicationContext
2019-01-04 16:08:48.994  INFO 3733 --- [main] o.s.web.context.ContextLoader            : Root WebApplicationContext: initialization completed in 1376 ms
2019-01-04 16:08:50.092  INFO 3733 --- [main] pertySourcedRequestMappingHandlerMapping : Mapped URL path [/v2/api-docs] onto method [public org.springframework.http.ResponseEntity<springfox.documentation.spring.web.json.Json> springfox.documentation.swagger2.web.Swagger2Controller.getDocumentation(java.lang.String,javax.servlet.http.HttpServletRequest)]
2019-01-04 16:08:50.296  INFO 3733 --- [main] d.s.w.p.DocumentationPluginsBootstrapper : Context refreshed
2019-01-04 16:08:50.313  INFO 3733 --- [main] d.s.w.p.DocumentationPluginsBootstrapper : Found 1 custom documentation plugin(s)
2019-01-04 16:08:50.343  INFO 3733 --- [main] s.d.s.w.s.ApiListingReferenceScanner     : Scanning for api listing references
2019-01-04 16:08:50.458  INFO 3733 --- [main] o.s.b.w.embedded.tomcat.TomcatWebServer  : Tomcat started on port(s): 8001 (http) with context path ''
2019-01-04 16:08:50.463  INFO 3733 --- [main] com.zifeiyu.common.CommonApplication     : Started CommonApplication in 18.345 seconds (JVM running for 24.307)
